{"src/backbone.picky.js":{"path":"src/backbone.picky.js","s":{"1":1,"2":1,"3":1,"4":545,"5":545,"6":545,"7":545,"8":453,"9":609,"10":609,"11":22,"12":4,"13":22,"14":453,"15":453,"16":453,"17":453,"18":453,"19":453,"20":1,"21":863,"22":863,"23":863,"24":863,"25":136,"26":727,"27":631,"28":631,"29":727,"30":727,"31":171,"32":727,"33":635,"34":55,"35":54,"36":580,"37":872,"38":872,"39":669,"40":203,"41":203,"42":5,"43":198,"44":198,"45":158,"46":198,"47":159,"48":3,"49":3,"50":1,"51":644,"52":644,"53":644,"54":644,"55":644,"56":392,"57":730,"58":730,"59":14,"60":392,"61":392,"62":392,"63":392,"64":392,"65":392,"66":1,"67":1325,"68":1325,"69":1325,"70":1325,"71":146,"72":1179,"73":1012,"74":1012,"75":1179,"76":1179,"77":338,"78":1179,"79":432,"80":432,"81":432,"82":147,"83":285,"84":285,"85":285,"86":254,"87":285,"88":65,"89":65,"90":65,"91":65,"92":65,"93":130,"94":130,"95":45,"96":130,"97":65,"98":65,"99":48,"100":48,"101":0,"102":48,"103":48,"104":96,"105":72,"106":96,"107":48,"108":48,"109":8,"110":22,"111":9,"112":13,"113":3,"114":3,"115":1,"116":1268,"117":1268,"118":1,"119":1260,"120":1260,"121":1260,"122":1260,"123":0,"124":1260,"125":1260,"126":1260,"127":644,"128":616,"129":551,"130":313,"131":1260,"132":1116,"133":107,"134":81,"135":1009,"136":485,"137":485,"138":190,"139":295,"140":295,"141":122,"142":173,"143":165,"144":295,"145":252,"146":6,"147":3,"148":3,"149":1,"150":1268,"151":1,"152":545,"153":545,"154":92,"155":453,"156":545,"157":1,"158":644,"159":644,"160":252,"161":392,"162":644,"163":1,"164":1,"165":1,"166":1153,"167":2210,"168":1577,"169":1577,"170":386,"171":1191,"172":1191,"173":82,"174":1191,"175":86,"176":1105,"177":1105,"178":370,"179":370,"180":735,"181":109,"182":109,"183":626,"184":626,"185":626,"186":1,"187":26,"188":26,"189":26,"190":1,"191":31,"192":1,"193":106,"194":106,"195":106,"196":98,"197":27,"198":71,"199":1,"200":30,"201":30,"202":30,"203":30,"204":30,"205":29,"206":30,"207":30,"208":10,"209":10,"210":30,"211":18,"212":1,"213":17,"214":42,"215":17,"216":17,"217":33,"218":17,"219":10,"220":17,"221":6,"222":8,"223":1,"224":1365,"225":1365,"226":1,"227":6,"228":12,"229":1,"230":2165,"231":1,"232":3322,"233":1,"234":1,"235":1488,"236":1870,"237":1870,"238":1870,"239":1,"240":1,"241":8973,"242":1,"243":7865,"244":5717,"245":2148,"246":879,"247":7865,"248":2457,"249":2457,"250":7865,"251":7865,"252":32,"253":7865,"254":7865,"255":1},"b":{"1":[453,92],"2":[453,2],"3":[22,587],"4":[4,18],"5":[232,631],"6":[863,863],"7":[863,92],"8":[863,171],"9":[136,727],"10":[631,96],"11":[171,556],"12":[635,92],"13":[727,635],"14":[55,580],"15":[54,1],"16":[872,23],"17":[669,203],"18":[203,92],"19":[5,198],"20":[158,40],"21":[159,39],"22":[198,191],"23":[392,252],"24":[392,1],"25":[14,716],"26":[313,1012],"27":[1325,170],"28":[1325,219],"29":[146,1179],"30":[1325,313],"31":[1012,167],"32":[338,841],"33":[432,28],"34":[147,285],"35":[254,31],"36":[65,38],"37":[65,65],"38":[45,85],"39":[0,48],"40":[72,24],"41":[9,13],"42":[1260,688],"43":[1260,751],"44":[0,1260],"45":[644,616],"46":[551,65],"47":[313,238],"48":[1116,144],"49":[1260,1116],"50":[107,1009],"51":[81,26],"52":[485,53],"53":[190,295],"54":[122,173],"55":[165,8],"56":[252,43],"57":[295,252],"58":[3,3],"59":[92,453],"60":[252,392],"61":[1153,16],"62":[1577,30],"63":[386,1191],"64":[1577,1373],"65":[1191,86,86],"66":[82,1109],"67":[1191,996,101],"68":[86,1105],"69":[370,735],"70":[109,626],"71":[626,0],"72":[626,626],"73":[26,0],"74":[106,0],"75":[98,8],"76":[27,71],"77":[98,98],"78":[30,0],"79":[10,20],"80":[18,12],"81":[17,0],"82":[6,11],"83":[1365,637],"84":[5717,2148],"85":[879,1269],"86":[2148,1352],"87":[32,7833]},"f":{"1":1,"2":545,"3":609,"4":863,"5":872,"6":3,"7":644,"8":730,"9":1325,"10":432,"11":65,"12":130,"13":48,"14":96,"15":8,"16":22,"17":3,"18":1268,"19":1260,"20":485,"21":6,"22":1268,"23":545,"24":644,"25":1577,"26":2210,"27":1153,"28":26,"29":31,"30":106,"31":30,"32":30,"33":29,"34":10,"35":17,"36":42,"37":33,"38":10,"39":8,"40":1365,"41":6,"42":12,"43":2165,"44":3322,"45":1870,"46":1488,"47":2457,"48":8973,"49":7865,"50":7865},"fnMap":{"1":{"name":"(anonymous_1)","line":1,"loc":{"start":{"line":1,"column":18},"end":{"line":1,"column":41}}},"2":{"name":"(anonymous_2)","line":11,"loc":{"start":{"line":11,"column":23},"end":{"line":11,"column":51}}},"3":{"name":"(anonymous_3)","line":19,"loc":{"start":{"line":19,"column":27},"end":{"line":19,"column":44}}},"4":{"name":"(anonymous_4)","line":46,"loc":{"start":{"line":46,"column":12},"end":{"line":46,"column":36}}},"5":{"name":"(anonymous_5)","line":74,"loc":{"start":{"line":74,"column":14},"end":{"line":74,"column":38}}},"6":{"name":"(anonymous_6)","line":86,"loc":{"start":{"line":86,"column":11},"end":{"line":86,"column":23}}},"7":{"name":"(anonymous_7)","line":99,"loc":{"start":{"line":99,"column":22},"end":{"line":99,"column":52}}},"8":{"name":"(anonymous_8)","line":108,"loc":{"start":{"line":108,"column":27},"end":{"line":108,"column":44}}},"9":{"name":"(anonymous_9)","line":133,"loc":{"start":{"line":133,"column":12},"end":{"line":133,"column":38}}},"10":{"name":"(anonymous_10)","line":155,"loc":{"start":{"line":155,"column":14},"end":{"line":155,"column":40}}},"11":{"name":"(anonymous_11)","line":169,"loc":{"start":{"line":169,"column":15},"end":{"line":169,"column":34}}},"12":{"name":"(anonymous_12)","line":177,"loc":{"start":{"line":177,"column":16},"end":{"line":177,"column":33}}},"13":{"name":"(anonymous_13)","line":188,"loc":{"start":{"line":188,"column":17},"end":{"line":188,"column":36}}},"14":{"name":"(anonymous_14)","line":194,"loc":{"start":{"line":194,"column":16},"end":{"line":194,"column":33}}},"15":{"name":"(anonymous_15)","line":203,"loc":{"start":{"line":203,"column":16},"end":{"line":203,"column":35}}},"16":{"name":"(anonymous_16)","line":210,"loc":{"start":{"line":210,"column":21},"end":{"line":210,"column":40}}},"17":{"name":"(anonymous_17)","line":218,"loc":{"start":{"line":218,"column":11},"end":{"line":218,"column":23}}},"18":{"name":"(anonymous_18)","line":229,"loc":{"start":{"line":229,"column":21},"end":{"line":229,"column":38}}},"19":{"name":"(anonymous_19)","line":238,"loc":{"start":{"line":238,"column":12},"end":{"line":238,"column":31}}},"20":{"name":"(anonymous_20)","line":269,"loc":{"start":{"line":269,"column":14},"end":{"line":269,"column":33}}},"21":{"name":"(anonymous_21)","line":289,"loc":{"start":{"line":289,"column":20},"end":{"line":289,"column":39}}},"22":{"name":"(anonymous_22)","line":299,"loc":{"start":{"line":299,"column":29},"end":{"line":299,"column":51}}},"23":{"name":"(anonymous_23)","line":303,"loc":{"start":{"line":303,"column":31},"end":{"line":303,"column":61}}},"24":{"name":"(anonymous_24)","line":317,"loc":{"start":{"line":317,"column":30},"end":{"line":317,"column":60}}},"25":{"name":"(anonymous_25)","line":336,"loc":{"start":{"line":336,"column":33},"end":{"line":336,"column":90}}},"26":{"name":"mapCidsToModels","line":337,"loc":{"start":{"line":337,"column":4},"end":{"line":337,"column":67}}},"27":{"name":"mapper","line":338,"loc":{"start":{"line":338,"column":6},"end":{"line":338,"column":28}}},"28":{"name":"onAdd","line":385,"loc":{"start":{"line":385,"column":2},"end":{"line":385,"column":37}}},"29":{"name":"onRemove","line":390,"loc":{"start":{"line":390,"column":2},"end":{"line":390,"column":49}}},"30":{"name":"releaseModel","line":394,"loc":{"start":{"line":394,"column":2},"end":{"line":394,"column":53}}},"31":{"name":"onResetSingleSelect","line":405,"loc":{"start":{"line":405,"column":2},"end":{"line":405,"column":53}}},"32":{"name":"(anonymous_32)","line":408,"loc":{"start":{"line":408,"column":58},"end":{"line":408,"column":75}}},"33":{"name":"(anonymous_33)","line":412,"loc":{"start":{"line":412,"column":33},"end":{"line":412,"column":50}}},"34":{"name":"(anonymous_34)","line":414,"loc":{"start":{"line":414,"column":64},"end":{"line":414,"column":81}}},"35":{"name":"onResetMultiSelect","line":418,"loc":{"start":{"line":418,"column":2},"end":{"line":418,"column":52}}},"36":{"name":"(anonymous_36)","line":420,"loc":{"start":{"line":420,"column":52},"end":{"line":420,"column":69}}},"37":{"name":"(anonymous_37)","line":422,"loc":{"start":{"line":422,"column":35},"end":{"line":422,"column":52}}},"38":{"name":"(anonymous_38)","line":424,"loc":{"start":{"line":424,"column":31},"end":{"line":424,"column":48}}},"39":{"name":"(anonymous_39)","line":425,"loc":{"start":{"line":425,"column":38},"end":{"line":425,"column":55}}},"40":{"name":"registerCollectionWithModel","line":428,"loc":{"start":{"line":428,"column":2},"end":{"line":428,"column":59}}},"41":{"name":"unregisterCollectionWithModels","line":433,"loc":{"start":{"line":433,"column":2},"end":{"line":433,"column":55}}},"42":{"name":"(anonymous_42)","line":434,"loc":{"start":{"line":434,"column":20},"end":{"line":434,"column":37}}},"43":{"name":"stripLocalOptions","line":439,"loc":{"start":{"line":439,"column":2},"end":{"line":439,"column":39}}},"44":{"name":"stripInternalOptions","line":443,"loc":{"start":{"line":443,"column":2},"end":{"line":443,"column":42}}},"45":{"name":"multiSelectionToArray","line":447,"loc":{"start":{"line":447,"column":2},"end":{"line":447,"column":50}}},"46":{"name":"mapper","line":448,"loc":{"start":{"line":448,"column":4},"end":{"line":448,"column":33}}},"47":{"name":"trigger","line":462,"loc":{"start":{"line":462,"column":2},"end":{"line":462,"column":29}}},"48":{"name":"getEventName","line":467,"loc":{"start":{"line":467,"column":4},"end":{"line":467,"column":53}}},"49":{"name":"unifyEventNames","line":475,"loc":{"start":{"line":475,"column":4},"end":{"line":475,"column":41}}},"50":{"name":"(anonymous_50)","line":492,"loc":{"start":{"line":492,"column":11},"end":{"line":492,"column":39}}}},"statementMap":{"1":{"start":{"line":1,"column":0},"end":{"line":512,"column":16}},"2":{"start":{"line":2,"column":2},"end":{"line":2,"column":17}},"3":{"start":{"line":11,"column":2},"end":{"line":40,"column":4}},"4":{"start":{"line":12,"column":4},"end":{"line":12,"column":48}},"5":{"start":{"line":13,"column":4},"end":{"line":13,"column":33}},"6":{"start":{"line":14,"column":4},"end":{"line":14,"column":39}},"7":{"start":{"line":16,"column":4},"end":{"line":38,"column":5}},"8":{"start":{"line":19,"column":6},"end":{"line":25,"column":15}},"9":{"start":{"line":20,"column":8},"end":{"line":20,"column":49}},"10":{"start":{"line":21,"column":8},"end":{"line":24,"column":9}},"11":{"start":{"line":22,"column":10},"end":{"line":22,"column":54}},"12":{"start":{"line":22,"column":29},"end":{"line":22,"column":54}},"13":{"start":{"line":23,"column":10},"end":{"line":23,"column":32}},"14":{"start":{"line":27,"column":6},"end":{"line":27,"column":74}},"15":{"start":{"line":28,"column":6},"end":{"line":28,"column":78}},"16":{"start":{"line":30,"column":6},"end":{"line":30,"column":78}},"17":{"start":{"line":31,"column":6},"end":{"line":31,"column":62}},"18":{"start":{"line":32,"column":6},"end":{"line":32,"column":68}},"19":{"start":{"line":36,"column":6},"end":{"line":36,"column":39}},"20":{"start":{"line":42,"column":2},"end":{"line":91,"column":5}},"21":{"start":{"line":47,"column":6},"end":{"line":47,"column":76}},"22":{"start":{"line":49,"column":6},"end":{"line":49,"column":32}},"23":{"start":{"line":50,"column":6},"end":{"line":50,"column":58}},"24":{"start":{"line":51,"column":6},"end":{"line":51,"column":59}},"25":{"start":{"line":51,"column":50},"end":{"line":51,"column":57}},"26":{"start":{"line":53,"column":6},"end":{"line":56,"column":7}},"27":{"start":{"line":54,"column":8},"end":{"line":54,"column":68}},"28":{"start":{"line":55,"column":8},"end":{"line":55,"column":30}},"29":{"start":{"line":57,"column":6},"end":{"line":57,"column":50}},"30":{"start":{"line":59,"column":6},"end":{"line":59,"column":101}},"31":{"start":{"line":59,"column":52},"end":{"line":59,"column":101}},"32":{"start":{"line":61,"column":6},"end":{"line":69,"column":7}},"33":{"start":{"line":63,"column":8},"end":{"line":67,"column":9}},"34":{"start":{"line":64,"column":10},"end":{"line":64,"column":113}},"35":{"start":{"line":64,"column":40},"end":{"line":64,"column":113}},"36":{"start":{"line":66,"column":10},"end":{"line":66,"column":81}},"37":{"start":{"line":75,"column":6},"end":{"line":75,"column":32}},"38":{"start":{"line":76,"column":6},"end":{"line":76,"column":36}},"39":{"start":{"line":76,"column":27},"end":{"line":76,"column":34}},"40":{"start":{"line":78,"column":6},"end":{"line":78,"column":37}},"41":{"start":{"line":79,"column":6},"end":{"line":79,"column":45}},"42":{"start":{"line":79,"column":36},"end":{"line":79,"column":43}},"43":{"start":{"line":81,"column":6},"end":{"line":81,"column":27}},"44":{"start":{"line":82,"column":6},"end":{"line":82,"column":78}},"45":{"start":{"line":82,"column":35},"end":{"line":82,"column":78}},"46":{"start":{"line":83,"column":6},"end":{"line":83,"column":128}},"47":{"start":{"line":83,"column":55},"end":{"line":83,"column":128}},"48":{"start":{"line":87,"column":6},"end":{"line":87,"column":43}},"49":{"start":{"line":88,"column":6},"end":{"line":88,"column":27}},"50":{"start":{"line":99,"column":2},"end":{"line":126,"column":4}},"51":{"start":{"line":100,"column":4},"end":{"line":100,"column":47}},"52":{"start":{"line":101,"column":4},"end":{"line":101,"column":33}},"53":{"start":{"line":102,"column":4},"end":{"line":102,"column":23}},"54":{"start":{"line":103,"column":4},"end":{"line":103,"column":39}},"55":{"start":{"line":105,"column":4},"end":{"line":124,"column":5}},"56":{"start":{"line":108,"column":6},"end":{"line":111,"column":15}},"57":{"start":{"line":109,"column":8},"end":{"line":109,"column":49}},"58":{"start":{"line":110,"column":8},"end":{"line":110,"column":61}},"59":{"start":{"line":110,"column":28},"end":{"line":110,"column":61}},"60":{"start":{"line":113,"column":6},"end":{"line":113,"column":74}},"61":{"start":{"line":114,"column":6},"end":{"line":114,"column":78}},"62":{"start":{"line":116,"column":6},"end":{"line":116,"column":77}},"63":{"start":{"line":117,"column":6},"end":{"line":117,"column":62}},"64":{"start":{"line":118,"column":6},"end":{"line":118,"column":68}},"65":{"start":{"line":122,"column":6},"end":{"line":122,"column":39}},"66":{"start":{"line":128,"column":2},"end":{"line":222,"column":5}},"67":{"start":{"line":134,"column":6},"end":{"line":135,"column":65}},"68":{"start":{"line":137,"column":6},"end":{"line":137,"column":32}},"69":{"start":{"line":138,"column":6},"end":{"line":138,"column":58}},"70":{"start":{"line":140,"column":6},"end":{"line":140,"column":80}},"71":{"start":{"line":140,"column":71},"end":{"line":140,"column":78}},"72":{"start":{"line":142,"column":6},"end":{"line":145,"column":7}},"73":{"start":{"line":143,"column":8},"end":{"line":143,"column":41}},"74":{"start":{"line":144,"column":8},"end":{"line":144,"column":52}},"75":{"start":{"line":146,"column":6},"end":{"line":146,"column":50}},"76":{"start":{"line":148,"column":6},"end":{"line":148,"column":85}},"77":{"start":{"line":148,"column":44},"end":{"line":148,"column":85}},"78":{"start":{"line":149,"column":6},"end":{"line":149,"column":72}},"79":{"start":{"line":156,"column":6},"end":{"line":156,"column":62}},"80":{"start":{"line":158,"column":6},"end":{"line":158,"column":32}},"81":{"start":{"line":159,"column":6},"end":{"line":159,"column":48}},"82":{"start":{"line":159,"column":39},"end":{"line":159,"column":46}},"83":{"start":{"line":161,"column":6},"end":{"line":161,"column":38}},"84":{"start":{"line":162,"column":6},"end":{"line":162,"column":50}},"85":{"start":{"line":164,"column":6},"end":{"line":164,"column":78}},"86":{"start":{"line":164,"column":35},"end":{"line":164,"column":78}},"87":{"start":{"line":165,"column":6},"end":{"line":165,"column":60}},"88":{"start":{"line":170,"column":6},"end":{"line":171,"column":26}},"89":{"start":{"line":173,"column":6},"end":{"line":173,"column":32}},"90":{"start":{"line":174,"column":6},"end":{"line":174,"column":58}},"91":{"start":{"line":176,"column":6},"end":{"line":176,"column":30}},"92":{"start":{"line":177,"column":6},"end":{"line":181,"column":15}},"93":{"start":{"line":178,"column":8},"end":{"line":178,"column":30}},"94":{"start":{"line":179,"column":8},"end":{"line":179,"column":61}},"95":{"start":{"line":179,"column":38},"end":{"line":179,"column":61}},"96":{"start":{"line":180,"column":8},"end":{"line":180,"column":74}},"97":{"start":{"line":182,"column":6},"end":{"line":182,"column":50}},"98":{"start":{"line":184,"column":6},"end":{"line":184,"column":72}},"99":{"start":{"line":189,"column":6},"end":{"line":189,"column":23}},"100":{"start":{"line":191,"column":6},"end":{"line":191,"column":48}},"101":{"start":{"line":191,"column":39},"end":{"line":191,"column":46}},"102":{"start":{"line":192,"column":6},"end":{"line":192,"column":58}},"103":{"start":{"line":194,"column":6},"end":{"line":197,"column":15}},"104":{"start":{"line":195,"column":8},"end":{"line":195,"column":50}},"105":{"start":{"line":195,"column":28},"end":{"line":195,"column":50}},"106":{"start":{"line":196,"column":8},"end":{"line":196,"column":76}},"107":{"start":{"line":199,"column":6},"end":{"line":199,"column":30}},"108":{"start":{"line":200,"column":6},"end":{"line":200,"column":60}},"109":{"start":{"line":204,"column":6},"end":{"line":204,"column":32}},"110":{"start":{"line":211,"column":6},"end":{"line":215,"column":7}},"111":{"start":{"line":212,"column":8},"end":{"line":212,"column":34}},"112":{"start":{"line":214,"column":8},"end":{"line":214,"column":32}},"113":{"start":{"line":219,"column":6},"end":{"line":219,"column":43}},"114":{"start":{"line":220,"column":6},"end":{"line":220,"column":27}},"115":{"start":{"line":229,"column":2},"end":{"line":232,"column":4}},"116":{"start":{"line":230,"column":4},"end":{"line":230,"column":23}},"117":{"start":{"line":231,"column":4},"end":{"line":231,"column":34}},"118":{"start":{"line":234,"column":2},"end":{"line":296,"column":5}},"119":{"start":{"line":239,"column":6},"end":{"line":239,"column":37}},"120":{"start":{"line":241,"column":6},"end":{"line":241,"column":32}},"121":{"start":{"line":242,"column":6},"end":{"line":242,"column":58}},"122":{"start":{"line":244,"column":6},"end":{"line":244,"column":53}},"123":{"start":{"line":244,"column":44},"end":{"line":244,"column":51}},"124":{"start":{"line":246,"column":6},"end":{"line":246,"column":27}},"125":{"start":{"line":247,"column":6},"end":{"line":247,"column":44}},"126":{"start":{"line":249,"column":6},"end":{"line":256,"column":7}},"127":{"start":{"line":251,"column":8},"end":{"line":251,"column":68}},"128":{"start":{"line":252,"column":13},"end":{"line":256,"column":7}},"129":{"start":{"line":255,"column":8},"end":{"line":255,"column":119}},"130":{"start":{"line":255,"column":62},"end":{"line":255,"column":119}},"131":{"start":{"line":258,"column":6},"end":{"line":264,"column":7}},"132":{"start":{"line":259,"column":8},"end":{"line":263,"column":9}},"133":{"start":{"line":260,"column":10},"end":{"line":260,"column":104}},"134":{"start":{"line":260,"column":40},"end":{"line":260,"column":104}},"135":{"start":{"line":262,"column":10},"end":{"line":262,"column":72}},"136":{"start":{"line":270,"column":6},"end":{"line":270,"column":32}},"137":{"start":{"line":271,"column":6},"end":{"line":271,"column":37}},"138":{"start":{"line":271,"column":28},"end":{"line":271,"column":35}},"139":{"start":{"line":273,"column":6},"end":{"line":273,"column":28}},"140":{"start":{"line":275,"column":6},"end":{"line":282,"column":7}},"141":{"start":{"line":277,"column":8},"end":{"line":277,"column":70}},"142":{"start":{"line":278,"column":13},"end":{"line":282,"column":7}},"143":{"start":{"line":281,"column":8},"end":{"line":281,"column":67}},"144":{"start":{"line":284,"column":6},"end":{"line":284,"column":119}},"145":{"start":{"line":284,"column":55},"end":{"line":284,"column":119}},"146":{"start":{"line":290,"column":6},"end":{"line":294,"column":7}},"147":{"start":{"line":291,"column":8},"end":{"line":291,"column":31}},"148":{"start":{"line":293,"column":8},"end":{"line":293,"column":29}},"149":{"start":{"line":299,"column":2},"end":{"line":301,"column":4}},"150":{"start":{"line":300,"column":4},"end":{"line":300,"column":68}},"151":{"start":{"line":303,"column":2},"end":{"line":315,"column":4}},"152":{"start":{"line":304,"column":4},"end":{"line":304,"column":21}},"153":{"start":{"line":306,"column":4},"end":{"line":312,"column":5}},"154":{"start":{"line":308,"column":6},"end":{"line":308,"column":66}},"155":{"start":{"line":311,"column":6},"end":{"line":311,"column":74}},"156":{"start":{"line":314,"column":4},"end":{"line":314,"column":39}},"157":{"start":{"line":317,"column":2},"end":{"line":329,"column":4}},"158":{"start":{"line":318,"column":4},"end":{"line":318,"column":20}},"159":{"start":{"line":320,"column":4},"end":{"line":326,"column":5}},"160":{"start":{"line":322,"column":6},"end":{"line":322,"column":64}},"161":{"start":{"line":325,"column":6},"end":{"line":325,"column":72}},"162":{"start":{"line":328,"column":4},"end":{"line":328,"column":38}},"163":{"start":{"line":336,"column":2},"end":{"line":383,"column":4}},"164":{"start":{"line":337,"column":4},"end":{"line":344,"column":5}},"165":{"start":{"line":338,"column":6},"end":{"line":342,"column":7}},"166":{"start":{"line":341,"column":8},"end":{"line":341,"column":61}},"167":{"start":{"line":343,"column":6},"end":{"line":343,"column":33}},"168":{"start":{"line":346,"column":4},"end":{"line":346,"column":30}},"169":{"start":{"line":347,"column":4},"end":{"line":347,"column":57}},"170":{"start":{"line":347,"column":50},"end":{"line":347,"column":57}},"171":{"start":{"line":349,"column":4},"end":{"line":356,"column":13}},"172":{"start":{"line":358,"column":4},"end":{"line":360,"column":5}},"173":{"start":{"line":359,"column":6},"end":{"line":359,"column":96}},"174":{"start":{"line":362,"column":4},"end":{"line":362,"column":26}},"175":{"start":{"line":362,"column":19},"end":{"line":362,"column":26}},"176":{"start":{"line":364,"column":4},"end":{"line":367,"column":6}},"177":{"start":{"line":369,"column":4},"end":{"line":372,"column":5}},"178":{"start":{"line":370,"column":6},"end":{"line":370,"column":88}},"179":{"start":{"line":371,"column":6},"end":{"line":371,"column":13}},"180":{"start":{"line":374,"column":4},"end":{"line":377,"column":5}},"181":{"start":{"line":375,"column":6},"end":{"line":375,"column":89}},"182":{"start":{"line":376,"column":6},"end":{"line":376,"column":13}},"183":{"start":{"line":379,"column":4},"end":{"line":382,"column":5}},"184":{"start":{"line":380,"column":6},"end":{"line":380,"column":89}},"185":{"start":{"line":381,"column":6},"end":{"line":381,"column":13}},"186":{"start":{"line":385,"column":2},"end":{"line":388,"column":3}},"187":{"start":{"line":386,"column":4},"end":{"line":386,"column":51}},"188":{"start":{"line":387,"column":4},"end":{"line":387,"column":97}},"189":{"start":{"line":387,"column":24},"end":{"line":387,"column":97}},"190":{"start":{"line":390,"column":2},"end":{"line":392,"column":3}},"191":{"start":{"line":391,"column":4},"end":{"line":391,"column":87}},"192":{"start":{"line":394,"column":2},"end":{"line":403,"column":3}},"193":{"start":{"line":395,"column":4},"end":{"line":395,"column":116}},"194":{"start":{"line":395,"column":33},"end":{"line":395,"column":116}},"195":{"start":{"line":396,"column":4},"end":{"line":402,"column":5}},"196":{"start":{"line":397,"column":6},"end":{"line":401,"column":7}},"197":{"start":{"line":398,"column":8},"end":{"line":398,"column":44}},"198":{"start":{"line":400,"column":8},"end":{"line":400,"column":82}},"199":{"start":{"line":405,"column":2},"end":{"line":416,"column":3}},"200":{"start":{"line":406,"column":4},"end":{"line":408,"column":103}},"201":{"start":{"line":408,"column":77},"end":{"line":408,"column":99}},"202":{"start":{"line":410,"column":4},"end":{"line":410,"column":93}},"203":{"start":{"line":410,"column":26},"end":{"line":410,"column":93}},"204":{"start":{"line":412,"column":4},"end":{"line":412,"column":78}},"205":{"start":{"line":412,"column":52},"end":{"line":412,"column":74}},"206":{"start":{"line":413,"column":4},"end":{"line":413,"column":46}},"207":{"start":{"line":414,"column":4},"end":{"line":414,"column":104}},"208":{"start":{"line":414,"column":36},"end":{"line":414,"column":104}},"209":{"start":{"line":414,"column":83},"end":{"line":414,"column":100}},"210":{"start":{"line":415,"column":4},"end":{"line":415,"column":77}},"211":{"start":{"line":415,"column":25},"end":{"line":415,"column":77}},"212":{"start":{"line":418,"column":2},"end":{"line":426,"column":3}},"213":{"start":{"line":419,"column":4},"end":{"line":420,"column":97}},"214":{"start":{"line":420,"column":71},"end":{"line":420,"column":93}},"215":{"start":{"line":422,"column":4},"end":{"line":422,"column":114}},"216":{"start":{"line":422,"column":18},"end":{"line":422,"column":114}},"217":{"start":{"line":422,"column":54},"end":{"line":422,"column":110}},"218":{"start":{"line":424,"column":4},"end":{"line":424,"column":76}},"219":{"start":{"line":424,"column":50},"end":{"line":424,"column":72}},"220":{"start":{"line":425,"column":4},"end":{"line":425,"column":102}},"221":{"start":{"line":425,"column":23},"end":{"line":425,"column":102}},"222":{"start":{"line":425,"column":57},"end":{"line":425,"column":98}},"223":{"start":{"line":428,"column":2},"end":{"line":431,"column":3}},"224":{"start":{"line":429,"column":4},"end":{"line":429,"column":62}},"225":{"start":{"line":430,"column":4},"end":{"line":430,"column":55}},"226":{"start":{"line":433,"column":2},"end":{"line":437,"column":3}},"227":{"start":{"line":434,"column":4},"end":{"line":436,"column":7}},"228":{"start":{"line":435,"column":6},"end":{"line":435,"column":62}},"229":{"start":{"line":439,"column":2},"end":{"line":441,"column":3}},"230":{"start":{"line":440,"column":4},"end":{"line":440,"column":63}},"231":{"start":{"line":443,"column":2},"end":{"line":445,"column":3}},"232":{"start":{"line":444,"column":4},"end":{"line":444,"column":98}},"233":{"start":{"line":447,"column":2},"end":{"line":456,"column":3}},"234":{"start":{"line":448,"column":4},"end":{"line":450,"column":5}},"235":{"start":{"line":449,"column":6},"end":{"line":449,"column":31}},"236":{"start":{"line":452,"column":4},"end":{"line":452,"column":25}},"237":{"start":{"line":453,"column":4},"end":{"line":453,"column":35}},"238":{"start":{"line":455,"column":4},"end":{"line":455,"column":23}},"239":{"start":{"line":462,"column":2},"end":{"line":509,"column":3}},"240":{"start":{"line":467,"column":4},"end":{"line":469,"column":5}},"241":{"start":{"line":468,"column":6},"end":{"line":468,"column":37}},"242":{"start":{"line":475,"column":4},"end":{"line":483,"column":5}},"243":{"start":{"line":476,"column":6},"end":{"line":480,"column":7}},"244":{"start":{"line":477,"column":8},"end":{"line":477,"column":43}},"245":{"start":{"line":478,"column":13},"end":{"line":480,"column":7}},"246":{"start":{"line":479,"column":8},"end":{"line":479,"column":43}},"247":{"start":{"line":482,"column":6},"end":{"line":482,"column":23}},"248":{"start":{"line":485,"column":4},"end":{"line":488,"column":33}},"249":{"start":{"line":492,"column":4},"end":{"line":508,"column":6}},"250":{"start":{"line":494,"column":6},"end":{"line":496,"column":36}},"251":{"start":{"line":499,"column":6},"end":{"line":502,"column":7}},"252":{"start":{"line":501,"column":8},"end":{"line":501,"column":46}},"253":{"start":{"line":505,"column":6},"end":{"line":505,"column":41}},"254":{"start":{"line":506,"column":6},"end":{"line":506,"column":18}},"255":{"start":{"line":511,"column":2},"end":{"line":511,"column":15}}},"branchMap":{"1":{"line":16,"type":"if","locations":[{"start":{"line":16,"column":4},"end":{"line":16,"column":4}},{"start":{"line":16,"column":4},"end":{"line":16,"column":4}}]},"2":{"line":19,"type":"binary-expr","locations":[{"start":{"line":19,"column":13},"end":{"line":19,"column":19}},{"start":{"line":19,"column":23},"end":{"line":19,"column":25}}]},"3":{"line":21,"type":"if","locations":[{"start":{"line":21,"column":8},"end":{"line":21,"column":8}},{"start":{"line":21,"column":8},"end":{"line":21,"column":8}}]},"4":{"line":22,"type":"if","locations":[{"start":{"line":22,"column":10},"end":{"line":22,"column":10}},{"start":{"line":22,"column":10},"end":{"line":22,"column":10}}]},"5":{"line":47,"type":"cond-expr","locations":[{"start":{"line":47,"column":58},"end":{"line":47,"column":63}},{"start":{"line":47,"column":66},"end":{"line":47,"column":75}}]},"6":{"line":47,"type":"binary-expr","locations":[{"start":{"line":47,"column":23},"end":{"line":47,"column":28}},{"start":{"line":47,"column":32},"end":{"line":47,"column":55}}]},"7":{"line":49,"type":"binary-expr","locations":[{"start":{"line":49,"column":6},"end":{"line":49,"column":13}},{"start":{"line":49,"column":18},"end":{"line":49,"column":30}}]},"8":{"line":50,"type":"binary-expr","locations":[{"start":{"line":50,"column":6},"end":{"line":50,"column":26}},{"start":{"line":50,"column":31},"end":{"line":50,"column":56}}]},"9":{"line":51,"type":"if","locations":[{"start":{"line":51,"column":6},"end":{"line":51,"column":6}},{"start":{"line":51,"column":6},"end":{"line":51,"column":6}}]},"10":{"line":53,"type":"if","locations":[{"start":{"line":53,"column":6},"end":{"line":53,"column":6}},{"start":{"line":53,"column":6},"end":{"line":53,"column":6}}]},"11":{"line":59,"type":"if","locations":[{"start":{"line":59,"column":6},"end":{"line":59,"column":6}},{"start":{"line":59,"column":6},"end":{"line":59,"column":6}}]},"12":{"line":61,"type":"if","locations":[{"start":{"line":61,"column":6},"end":{"line":61,"column":6}},{"start":{"line":61,"column":6},"end":{"line":61,"column":6}}]},"13":{"line":61,"type":"binary-expr","locations":[{"start":{"line":61,"column":12},"end":{"line":61,"column":26}},{"start":{"line":61,"column":30},"end":{"line":61,"column":52}}]},"14":{"line":63,"type":"if","locations":[{"start":{"line":63,"column":8},"end":{"line":63,"column":8}},{"start":{"line":63,"column":8},"end":{"line":63,"column":8}}]},"15":{"line":64,"type":"if","locations":[{"start":{"line":64,"column":10},"end":{"line":64,"column":10}},{"start":{"line":64,"column":10},"end":{"line":64,"column":10}}]},"16":{"line":75,"type":"binary-expr","locations":[{"start":{"line":75,"column":6},"end":{"line":75,"column":13}},{"start":{"line":75,"column":18},"end":{"line":75,"column":30}}]},"17":{"line":76,"type":"if","locations":[{"start":{"line":76,"column":6},"end":{"line":76,"column":6}},{"start":{"line":76,"column":6},"end":{"line":76,"column":6}}]},"18":{"line":78,"type":"binary-expr","locations":[{"start":{"line":78,"column":14},"end":{"line":78,"column":19}},{"start":{"line":78,"column":23},"end":{"line":78,"column":36}}]},"19":{"line":79,"type":"if","locations":[{"start":{"line":79,"column":6},"end":{"line":79,"column":6}},{"start":{"line":79,"column":6},"end":{"line":79,"column":6}}]},"20":{"line":82,"type":"if","locations":[{"start":{"line":82,"column":6},"end":{"line":82,"column":6}},{"start":{"line":82,"column":6},"end":{"line":82,"column":6}}]},"21":{"line":83,"type":"if","locations":[{"start":{"line":83,"column":6},"end":{"line":83,"column":6}},{"start":{"line":83,"column":6},"end":{"line":83,"column":6}}]},"22":{"line":83,"type":"binary-expr","locations":[{"start":{"line":83,"column":12},"end":{"line":83,"column":26}},{"start":{"line":83,"column":30},"end":{"line":83,"column":52}}]},"23":{"line":105,"type":"if","locations":[{"start":{"line":105,"column":4},"end":{"line":105,"column":4}},{"start":{"line":105,"column":4},"end":{"line":105,"column":4}}]},"24":{"line":108,"type":"binary-expr","locations":[{"start":{"line":108,"column":13},"end":{"line":108,"column":19}},{"start":{"line":108,"column":23},"end":{"line":108,"column":25}}]},"25":{"line":110,"type":"if","locations":[{"start":{"line":110,"column":8},"end":{"line":110,"column":8}},{"start":{"line":110,"column":8},"end":{"line":110,"column":8}}]},"26":{"line":135,"type":"cond-expr","locations":[{"start":{"line":135,"column":50},"end":{"line":135,"column":59}},{"start":{"line":135,"column":62},"end":{"line":135,"column":64}}]},"27":{"line":137,"type":"binary-expr","locations":[{"start":{"line":137,"column":6},"end":{"line":137,"column":13}},{"start":{"line":137,"column":18},"end":{"line":137,"column":30}}]},"28":{"line":138,"type":"binary-expr","locations":[{"start":{"line":138,"column":6},"end":{"line":138,"column":26}},{"start":{"line":138,"column":31},"end":{"line":138,"column":56}}]},"29":{"line":140,"type":"if","locations":[{"start":{"line":140,"column":6},"end":{"line":140,"column":6}},{"start":{"line":140,"column":6},"end":{"line":140,"column":6}}]},"30":{"line":140,"type":"binary-expr","locations":[{"start":{"line":140,"column":10},"end":{"line":140,"column":27}},{"start":{"line":140,"column":31},"end":{"line":140,"column":67}}]},"31":{"line":142,"type":"if","locations":[{"start":{"line":142,"column":6},"end":{"line":142,"column":6}},{"start":{"line":142,"column":6},"end":{"line":142,"column":6}}]},"32":{"line":148,"type":"if","locations":[{"start":{"line":148,"column":6},"end":{"line":148,"column":6}},{"start":{"line":148,"column":6},"end":{"line":148,"column":6}}]},"33":{"line":158,"type":"binary-expr","locations":[{"start":{"line":158,"column":6},"end":{"line":158,"column":13}},{"start":{"line":158,"column":18},"end":{"line":158,"column":30}}]},"34":{"line":159,"type":"if","locations":[{"start":{"line":159,"column":6},"end":{"line":159,"column":6}},{"start":{"line":159,"column":6},"end":{"line":159,"column":6}}]},"35":{"line":164,"type":"if","locations":[{"start":{"line":164,"column":6},"end":{"line":164,"column":6}},{"start":{"line":164,"column":6},"end":{"line":164,"column":6}}]},"36":{"line":173,"type":"binary-expr","locations":[{"start":{"line":173,"column":6},"end":{"line":173,"column":13}},{"start":{"line":173,"column":18},"end":{"line":173,"column":30}}]},"37":{"line":174,"type":"binary-expr","locations":[{"start":{"line":174,"column":6},"end":{"line":174,"column":26}},{"start":{"line":174,"column":31},"end":{"line":174,"column":56}}]},"38":{"line":179,"type":"if","locations":[{"start":{"line":179,"column":8},"end":{"line":179,"column":8}},{"start":{"line":179,"column":8},"end":{"line":179,"column":8}}]},"39":{"line":191,"type":"if","locations":[{"start":{"line":191,"column":6},"end":{"line":191,"column":6}},{"start":{"line":191,"column":6},"end":{"line":191,"column":6}}]},"40":{"line":195,"type":"if","locations":[{"start":{"line":195,"column":8},"end":{"line":195,"column":8}},{"start":{"line":195,"column":8},"end":{"line":195,"column":8}}]},"41":{"line":211,"type":"if","locations":[{"start":{"line":211,"column":6},"end":{"line":211,"column":6}},{"start":{"line":211,"column":6},"end":{"line":211,"column":6}}]},"42":{"line":241,"type":"binary-expr","locations":[{"start":{"line":241,"column":6},"end":{"line":241,"column":13}},{"start":{"line":241,"column":18},"end":{"line":241,"column":30}}]},"43":{"line":242,"type":"binary-expr","locations":[{"start":{"line":242,"column":6},"end":{"line":242,"column":26}},{"start":{"line":242,"column":31},"end":{"line":242,"column":56}}]},"44":{"line":244,"type":"if","locations":[{"start":{"line":244,"column":6},"end":{"line":244,"column":6}},{"start":{"line":244,"column":6},"end":{"line":244,"column":6}}]},"45":{"line":249,"type":"if","locations":[{"start":{"line":249,"column":6},"end":{"line":249,"column":6}},{"start":{"line":249,"column":6},"end":{"line":249,"column":6}}]},"46":{"line":252,"type":"if","locations":[{"start":{"line":252,"column":13},"end":{"line":252,"column":13}},{"start":{"line":252,"column":13},"end":{"line":252,"column":13}}]},"47":{"line":255,"type":"if","locations":[{"start":{"line":255,"column":8},"end":{"line":255,"column":8}},{"start":{"line":255,"column":8},"end":{"line":255,"column":8}}]},"48":{"line":258,"type":"if","locations":[{"start":{"line":258,"column":6},"end":{"line":258,"column":6}},{"start":{"line":258,"column":6},"end":{"line":258,"column":6}}]},"49":{"line":258,"type":"binary-expr","locations":[{"start":{"line":258,"column":12},"end":{"line":258,"column":26}},{"start":{"line":258,"column":30},"end":{"line":258,"column":52}}]},"50":{"line":259,"type":"if","locations":[{"start":{"line":259,"column":8},"end":{"line":259,"column":8}},{"start":{"line":259,"column":8},"end":{"line":259,"column":8}}]},"51":{"line":260,"type":"if","locations":[{"start":{"line":260,"column":10},"end":{"line":260,"column":10}},{"start":{"line":260,"column":10},"end":{"line":260,"column":10}}]},"52":{"line":270,"type":"binary-expr","locations":[{"start":{"line":270,"column":6},"end":{"line":270,"column":13}},{"start":{"line":270,"column":18},"end":{"line":270,"column":30}}]},"53":{"line":271,"type":"if","locations":[{"start":{"line":271,"column":6},"end":{"line":271,"column":6}},{"start":{"line":271,"column":6},"end":{"line":271,"column":6}}]},"54":{"line":275,"type":"if","locations":[{"start":{"line":275,"column":6},"end":{"line":275,"column":6}},{"start":{"line":275,"column":6},"end":{"line":275,"column":6}}]},"55":{"line":278,"type":"if","locations":[{"start":{"line":278,"column":13},"end":{"line":278,"column":13}},{"start":{"line":278,"column":13},"end":{"line":278,"column":13}}]},"56":{"line":284,"type":"if","locations":[{"start":{"line":284,"column":6},"end":{"line":284,"column":6}},{"start":{"line":284,"column":6},"end":{"line":284,"column":6}}]},"57":{"line":284,"type":"binary-expr","locations":[{"start":{"line":284,"column":12},"end":{"line":284,"column":26}},{"start":{"line":284,"column":30},"end":{"line":284,"column":52}}]},"58":{"line":290,"type":"if","locations":[{"start":{"line":290,"column":6},"end":{"line":290,"column":6}},{"start":{"line":290,"column":6},"end":{"line":290,"column":6}}]},"59":{"line":306,"type":"if","locations":[{"start":{"line":306,"column":4},"end":{"line":306,"column":4}},{"start":{"line":306,"column":4},"end":{"line":306,"column":4}}]},"60":{"line":320,"type":"if","locations":[{"start":{"line":320,"column":4},"end":{"line":320,"column":4}},{"start":{"line":320,"column":4},"end":{"line":320,"column":4}}]},"61":{"line":341,"type":"binary-expr","locations":[{"start":{"line":341,"column":15},"end":{"line":341,"column":34}},{"start":{"line":341,"column":38},"end":{"line":341,"column":60}}]},"62":{"line":346,"type":"binary-expr","locations":[{"start":{"line":346,"column":4},"end":{"line":346,"column":11}},{"start":{"line":346,"column":16},"end":{"line":346,"column":28}}]},"63":{"line":347,"type":"if","locations":[{"start":{"line":347,"column":4},"end":{"line":347,"column":4}},{"start":{"line":347,"column":4},"end":{"line":347,"column":4}}]},"64":{"line":347,"type":"binary-expr","locations":[{"start":{"line":347,"column":8},"end":{"line":347,"column":22}},{"start":{"line":347,"column":26},"end":{"line":347,"column":48}}]},"65":{"line":355,"type":"binary-expr","locations":[{"start":{"line":355,"column":21},"end":{"line":355,"column":63}},{"start":{"line":355,"column":67},"end":{"line":355,"column":89}},{"start":{"line":355,"column":93},"end":{"line":355,"column":117}}]},"66":{"line":358,"type":"if","locations":[{"start":{"line":358,"column":4},"end":{"line":358,"column":4}},{"start":{"line":358,"column":4},"end":{"line":358,"column":4}}]},"67":{"line":358,"type":"binary-expr","locations":[{"start":{"line":358,"column":8},"end":{"line":358,"column":18}},{"start":{"line":358,"column":22},"end":{"line":358,"column":39}},{"start":{"line":358,"column":43},"end":{"line":358,"column":67}}]},"68":{"line":362,"type":"if","locations":[{"start":{"line":362,"column":4},"end":{"line":362,"column":4}},{"start":{"line":362,"column":4},"end":{"line":362,"column":4}}]},"69":{"line":369,"type":"if","locations":[{"start":{"line":369,"column":4},"end":{"line":369,"column":4}},{"start":{"line":369,"column":4},"end":{"line":369,"column":4}}]},"70":{"line":374,"type":"if","locations":[{"start":{"line":374,"column":4},"end":{"line":374,"column":4}},{"start":{"line":374,"column":4},"end":{"line":374,"column":4}}]},"71":{"line":379,"type":"if","locations":[{"start":{"line":379,"column":4},"end":{"line":379,"column":4}},{"start":{"line":379,"column":4},"end":{"line":379,"column":4}}]},"72":{"line":379,"type":"binary-expr","locations":[{"start":{"line":379,"column":8},"end":{"line":379,"column":26}},{"start":{"line":379,"column":30},"end":{"line":379,"column":53}}]},"73":{"line":387,"type":"if","locations":[{"start":{"line":387,"column":4},"end":{"line":387,"column":4}},{"start":{"line":387,"column":4},"end":{"line":387,"column":4}}]},"74":{"line":395,"type":"if","locations":[{"start":{"line":395,"column":4},"end":{"line":395,"column":4}},{"start":{"line":395,"column":4},"end":{"line":395,"column":4}}]},"75":{"line":396,"type":"if","locations":[{"start":{"line":396,"column":4},"end":{"line":396,"column":4}},{"start":{"line":396,"column":4},"end":{"line":396,"column":4}}]},"76":{"line":397,"type":"if","locations":[{"start":{"line":397,"column":6},"end":{"line":397,"column":6}},{"start":{"line":397,"column":6},"end":{"line":397,"column":6}}]},"77":{"line":397,"type":"binary-expr","locations":[{"start":{"line":397,"column":10},"end":{"line":397,"column":33}},{"start":{"line":397,"column":37},"end":{"line":397,"column":73}}]},"78":{"line":410,"type":"if","locations":[{"start":{"line":410,"column":4},"end":{"line":410,"column":4}},{"start":{"line":410,"column":4},"end":{"line":410,"column":4}}]},"79":{"line":414,"type":"if","locations":[{"start":{"line":414,"column":4},"end":{"line":414,"column":4}},{"start":{"line":414,"column":4},"end":{"line":414,"column":4}}]},"80":{"line":415,"type":"if","locations":[{"start":{"line":415,"column":4},"end":{"line":415,"column":4}},{"start":{"line":415,"column":4},"end":{"line":415,"column":4}}]},"81":{"line":422,"type":"if","locations":[{"start":{"line":422,"column":4},"end":{"line":422,"column":4}},{"start":{"line":422,"column":4},"end":{"line":422,"column":4}}]},"82":{"line":425,"type":"if","locations":[{"start":{"line":425,"column":4},"end":{"line":425,"column":4}},{"start":{"line":425,"column":4},"end":{"line":425,"column":4}}]},"83":{"line":429,"type":"binary-expr","locations":[{"start":{"line":429,"column":4},"end":{"line":429,"column":27}},{"start":{"line":429,"column":32},"end":{"line":429,"column":60}}]},"84":{"line":476,"type":"if","locations":[{"start":{"line":476,"column":6},"end":{"line":476,"column":6}},{"start":{"line":476,"column":6},"end":{"line":476,"column":6}}]},"85":{"line":478,"type":"if","locations":[{"start":{"line":478,"column":13},"end":{"line":478,"column":13}},{"start":{"line":478,"column":13},"end":{"line":478,"column":13}}]},"86":{"line":478,"type":"binary-expr","locations":[{"start":{"line":478,"column":17},"end":{"line":478,"column":47}},{"start":{"line":478,"column":51},"end":{"line":478,"column":81}}]},"87":{"line":499,"type":"if","locations":[{"start":{"line":499,"column":6},"end":{"line":499,"column":6}},{"start":{"line":499,"column":6},"end":{"line":499,"column":6}}]}}}}