{"src/backbone.select.js":{"path":"src/backbone.select.js","s":{"1":1,"2":1,"3":1,"4":1,"5":863,"6":863,"7":863,"8":863,"9":136,"10":727,"11":631,"12":631,"13":727,"14":727,"15":171,"16":727,"17":635,"18":55,"19":54,"20":580,"21":872,"22":872,"23":669,"24":203,"25":203,"26":5,"27":198,"28":198,"29":158,"30":198,"31":159,"32":3,"33":3,"34":1,"35":1,"36":1325,"37":1325,"38":1325,"39":1325,"40":146,"41":1179,"42":1012,"43":1012,"44":1179,"45":1179,"46":338,"47":1179,"48":432,"49":432,"50":432,"51":147,"52":285,"53":285,"54":285,"55":254,"56":285,"57":65,"58":65,"59":65,"60":65,"61":65,"62":130,"63":130,"64":45,"65":130,"66":65,"67":65,"68":48,"69":48,"70":0,"71":48,"72":48,"73":96,"74":72,"75":96,"76":48,"77":48,"78":8,"79":22,"80":9,"81":13,"82":3,"83":3,"84":1,"85":1,"86":1260,"87":1260,"88":1260,"89":1260,"90":0,"91":1260,"92":1260,"93":1260,"94":644,"95":616,"96":551,"97":313,"98":1260,"99":1116,"100":107,"101":81,"102":1009,"103":485,"104":485,"105":190,"106":295,"107":295,"108":122,"109":173,"110":165,"111":295,"112":252,"113":6,"114":3,"115":3,"116":1,"117":1268,"118":1268,"119":1,"120":545,"121":545,"122":545,"123":545,"124":453,"125":609,"126":609,"127":22,"128":4,"129":22,"130":453,"131":453,"132":453,"133":453,"134":453,"135":453,"136":1,"137":644,"138":644,"139":644,"140":644,"141":644,"142":392,"143":730,"144":730,"145":14,"146":392,"147":392,"148":392,"149":392,"150":392,"151":392,"152":1,"153":1,"154":1,"155":1153,"156":2210,"157":1577,"158":1577,"159":386,"160":1191,"161":1191,"162":82,"163":1191,"164":86,"165":1105,"166":1105,"167":370,"168":370,"169":735,"170":109,"171":109,"172":626,"173":626,"174":626,"175":1,"176":26,"177":26,"178":26,"179":1,"180":31,"181":1,"182":106,"183":106,"184":106,"185":98,"186":27,"187":71,"188":1,"189":30,"190":30,"191":30,"192":30,"193":30,"194":29,"195":30,"196":30,"197":10,"198":10,"199":30,"200":18,"201":1,"202":17,"203":42,"204":17,"205":17,"206":33,"207":17,"208":10,"209":17,"210":6,"211":8,"212":1,"213":1365,"214":1365,"215":1,"216":6,"217":12,"218":1,"219":2165,"220":1,"221":3322,"222":1,"223":1,"224":1488,"225":1870,"226":1870,"227":1870,"228":1,"229":1,"230":8973,"231":1,"232":7865,"233":5717,"234":2148,"235":879,"236":7865,"237":2457,"238":2457,"239":7865,"240":7865,"241":32,"242":7865,"243":7865,"244":1},"b":{"1":[232,631],"2":[863,863],"3":[863,92],"4":[863,171],"5":[136,727],"6":[631,96],"7":[171,556],"8":[635,92],"9":[727,635],"10":[55,580],"11":[54,1],"12":[872,23],"13":[669,203],"14":[203,92],"15":[5,198],"16":[158,40],"17":[159,39],"18":[198,191],"19":[313,1012],"20":[1325,170],"21":[1325,219],"22":[146,1179],"23":[1325,313],"24":[1012,167],"25":[338,841],"26":[432,28],"27":[147,285],"28":[254,31],"29":[65,38],"30":[65,65],"31":[45,85],"32":[0,48],"33":[72,24],"34":[9,13],"35":[1260,688],"36":[1260,751],"37":[0,1260],"38":[644,616],"39":[551,65],"40":[313,238],"41":[1116,144],"42":[1260,1116],"43":[107,1009],"44":[81,26],"45":[485,53],"46":[190,295],"47":[122,173],"48":[165,8],"49":[252,43],"50":[295,252],"51":[3,3],"52":[453,92],"53":[545,453],"54":[453,2],"55":[22,587],"56":[4,18],"57":[392,252],"58":[644,392],"59":[392,1],"60":[14,716],"61":[1153,16],"62":[1577,30],"63":[386,1191],"64":[1577,1373],"65":[1191,86,86],"66":[82,1109],"67":[1191,996,101],"68":[86,1105],"69":[370,735],"70":[109,626],"71":[626,0],"72":[626,626],"73":[26,0],"74":[106,0],"75":[98,8],"76":[27,71],"77":[98,98],"78":[30,0],"79":[10,20],"80":[18,12],"81":[17,0],"82":[6,11],"83":[1365,637],"84":[5717,2148],"85":[879,1269],"86":[2148,1352],"87":[32,7833]},"f":{"1":1,"2":545,"3":863,"4":872,"5":3,"6":644,"7":1325,"8":432,"9":65,"10":130,"11":48,"12":96,"13":8,"14":22,"15":3,"16":1268,"17":1260,"18":485,"19":6,"20":1268,"21":545,"22":609,"23":644,"24":730,"25":1577,"26":2210,"27":1153,"28":26,"29":31,"30":106,"31":30,"32":30,"33":29,"34":10,"35":17,"36":42,"37":33,"38":10,"39":8,"40":1365,"41":6,"42":12,"43":2165,"44":3322,"45":1870,"46":1488,"47":2457,"48":8973,"49":7865,"50":7865},"fnMap":{"1":{"name":"(anonymous_1)","line":1,"loc":{"start":{"line":1,"column":19},"end":{"line":1,"column":42}}},"2":{"name":"(anonymous_2)","line":11,"loc":{"start":{"line":11,"column":15},"end":{"line":11,"column":25}}},"3":{"name":"(anonymous_3)","line":17,"loc":{"start":{"line":17,"column":12},"end":{"line":17,"column":36}}},"4":{"name":"(anonymous_4)","line":45,"loc":{"start":{"line":45,"column":14},"end":{"line":45,"column":38}}},"5":{"name":"(anonymous_5)","line":57,"loc":{"start":{"line":57,"column":11},"end":{"line":57,"column":23}}},"6":{"name":"(anonymous_6)","line":70,"loc":{"start":{"line":70,"column":16},"end":{"line":70,"column":28}}},"7":{"name":"(anonymous_7)","line":77,"loc":{"start":{"line":77,"column":12},"end":{"line":77,"column":38}}},"8":{"name":"(anonymous_8)","line":99,"loc":{"start":{"line":99,"column":14},"end":{"line":99,"column":40}}},"9":{"name":"(anonymous_9)","line":113,"loc":{"start":{"line":113,"column":15},"end":{"line":113,"column":34}}},"10":{"name":"(anonymous_10)","line":121,"loc":{"start":{"line":121,"column":16},"end":{"line":121,"column":33}}},"11":{"name":"(anonymous_11)","line":132,"loc":{"start":{"line":132,"column":17},"end":{"line":132,"column":36}}},"12":{"name":"(anonymous_12)","line":138,"loc":{"start":{"line":138,"column":16},"end":{"line":138,"column":33}}},"13":{"name":"(anonymous_13)","line":147,"loc":{"start":{"line":147,"column":16},"end":{"line":147,"column":35}}},"14":{"name":"(anonymous_14)","line":154,"loc":{"start":{"line":154,"column":21},"end":{"line":154,"column":40}}},"15":{"name":"(anonymous_15)","line":162,"loc":{"start":{"line":162,"column":11},"end":{"line":162,"column":23}}},"16":{"name":"(anonymous_16)","line":173,"loc":{"start":{"line":173,"column":14},"end":{"line":173,"column":26}}},"17":{"name":"(anonymous_17)","line":179,"loc":{"start":{"line":179,"column":12},"end":{"line":179,"column":31}}},"18":{"name":"(anonymous_18)","line":210,"loc":{"start":{"line":210,"column":14},"end":{"line":210,"column":33}}},"19":{"name":"(anonymous_19)","line":230,"loc":{"start":{"line":230,"column":20},"end":{"line":230,"column":39}}},"20":{"name":"(anonymous_20)","line":240,"loc":{"start":{"line":240,"column":22},"end":{"line":240,"column":44}}},"21":{"name":"(anonymous_21)","line":245,"loc":{"start":{"line":245,"column":23},"end":{"line":245,"column":62}}},"22":{"name":"(anonymous_22)","line":255,"loc":{"start":{"line":255,"column":27},"end":{"line":255,"column":44}}},"23":{"name":"(anonymous_23)","line":278,"loc":{"start":{"line":278,"column":24},"end":{"line":278,"column":63}}},"24":{"name":"(anonymous_24)","line":289,"loc":{"start":{"line":289,"column":27},"end":{"line":289,"column":44}}},"25":{"name":"(anonymous_25)","line":314,"loc":{"start":{"line":314,"column":33},"end":{"line":314,"column":90}}},"26":{"name":"mapCidsToModels","line":315,"loc":{"start":{"line":315,"column":4},"end":{"line":315,"column":67}}},"27":{"name":"mapper","line":316,"loc":{"start":{"line":316,"column":6},"end":{"line":316,"column":28}}},"28":{"name":"onAdd","line":363,"loc":{"start":{"line":363,"column":2},"end":{"line":363,"column":37}}},"29":{"name":"onRemove","line":368,"loc":{"start":{"line":368,"column":2},"end":{"line":368,"column":49}}},"30":{"name":"releaseModel","line":372,"loc":{"start":{"line":372,"column":2},"end":{"line":372,"column":53}}},"31":{"name":"onResetSingleSelect","line":383,"loc":{"start":{"line":383,"column":2},"end":{"line":383,"column":53}}},"32":{"name":"(anonymous_32)","line":386,"loc":{"start":{"line":386,"column":58},"end":{"line":386,"column":75}}},"33":{"name":"(anonymous_33)","line":390,"loc":{"start":{"line":390,"column":33},"end":{"line":390,"column":50}}},"34":{"name":"(anonymous_34)","line":392,"loc":{"start":{"line":392,"column":64},"end":{"line":392,"column":81}}},"35":{"name":"onResetMultiSelect","line":396,"loc":{"start":{"line":396,"column":2},"end":{"line":396,"column":52}}},"36":{"name":"(anonymous_36)","line":398,"loc":{"start":{"line":398,"column":52},"end":{"line":398,"column":69}}},"37":{"name":"(anonymous_37)","line":400,"loc":{"start":{"line":400,"column":35},"end":{"line":400,"column":52}}},"38":{"name":"(anonymous_38)","line":402,"loc":{"start":{"line":402,"column":31},"end":{"line":402,"column":48}}},"39":{"name":"(anonymous_39)","line":403,"loc":{"start":{"line":403,"column":38},"end":{"line":403,"column":55}}},"40":{"name":"registerCollectionWithModel","line":406,"loc":{"start":{"line":406,"column":2},"end":{"line":406,"column":59}}},"41":{"name":"unregisterCollectionWithModels","line":411,"loc":{"start":{"line":411,"column":2},"end":{"line":411,"column":55}}},"42":{"name":"(anonymous_42)","line":412,"loc":{"start":{"line":412,"column":20},"end":{"line":412,"column":37}}},"43":{"name":"stripLocalOptions","line":417,"loc":{"start":{"line":417,"column":2},"end":{"line":417,"column":39}}},"44":{"name":"stripInternalOptions","line":421,"loc":{"start":{"line":421,"column":2},"end":{"line":421,"column":42}}},"45":{"name":"multiSelectionToArray","line":425,"loc":{"start":{"line":425,"column":2},"end":{"line":425,"column":50}}},"46":{"name":"mapper","line":426,"loc":{"start":{"line":426,"column":4},"end":{"line":426,"column":33}}},"47":{"name":"trigger","line":440,"loc":{"start":{"line":440,"column":2},"end":{"line":440,"column":29}}},"48":{"name":"getEventName","line":445,"loc":{"start":{"line":445,"column":4},"end":{"line":445,"column":53}}},"49":{"name":"unifyEventNames","line":453,"loc":{"start":{"line":453,"column":4},"end":{"line":453,"column":41}}},"50":{"name":"(anonymous_50)","line":470,"loc":{"start":{"line":470,"column":11},"end":{"line":470,"column":39}}}},"statementMap":{"1":{"start":{"line":1,"column":0},"end":{"line":490,"column":16}},"2":{"start":{"line":2,"column":2},"end":{"line":2,"column":18}},"3":{"start":{"line":11,"column":2},"end":{"line":11,"column":28}},"4":{"start":{"line":13,"column":2},"end":{"line":62,"column":5}},"5":{"start":{"line":18,"column":6},"end":{"line":18,"column":76}},"6":{"start":{"line":20,"column":6},"end":{"line":20,"column":32}},"7":{"start":{"line":21,"column":6},"end":{"line":21,"column":58}},"8":{"start":{"line":22,"column":6},"end":{"line":22,"column":59}},"9":{"start":{"line":22,"column":50},"end":{"line":22,"column":57}},"10":{"start":{"line":24,"column":6},"end":{"line":27,"column":7}},"11":{"start":{"line":25,"column":8},"end":{"line":25,"column":68}},"12":{"start":{"line":26,"column":8},"end":{"line":26,"column":30}},"13":{"start":{"line":28,"column":6},"end":{"line":28,"column":50}},"14":{"start":{"line":30,"column":6},"end":{"line":30,"column":101}},"15":{"start":{"line":30,"column":52},"end":{"line":30,"column":101}},"16":{"start":{"line":32,"column":6},"end":{"line":40,"column":7}},"17":{"start":{"line":34,"column":8},"end":{"line":38,"column":9}},"18":{"start":{"line":35,"column":10},"end":{"line":35,"column":113}},"19":{"start":{"line":35,"column":40},"end":{"line":35,"column":113}},"20":{"start":{"line":37,"column":10},"end":{"line":37,"column":81}},"21":{"start":{"line":46,"column":6},"end":{"line":46,"column":32}},"22":{"start":{"line":47,"column":6},"end":{"line":47,"column":36}},"23":{"start":{"line":47,"column":27},"end":{"line":47,"column":34}},"24":{"start":{"line":49,"column":6},"end":{"line":49,"column":37}},"25":{"start":{"line":50,"column":6},"end":{"line":50,"column":45}},"26":{"start":{"line":50,"column":36},"end":{"line":50,"column":43}},"27":{"start":{"line":52,"column":6},"end":{"line":52,"column":27}},"28":{"start":{"line":53,"column":6},"end":{"line":53,"column":78}},"29":{"start":{"line":53,"column":35},"end":{"line":53,"column":78}},"30":{"start":{"line":54,"column":6},"end":{"line":54,"column":128}},"31":{"start":{"line":54,"column":55},"end":{"line":54,"column":128}},"32":{"start":{"line":58,"column":6},"end":{"line":58,"column":43}},"33":{"start":{"line":59,"column":6},"end":{"line":59,"column":27}},"34":{"start":{"line":70,"column":2},"end":{"line":70,"column":31}},"35":{"start":{"line":72,"column":2},"end":{"line":166,"column":5}},"36":{"start":{"line":78,"column":6},"end":{"line":79,"column":65}},"37":{"start":{"line":81,"column":6},"end":{"line":81,"column":32}},"38":{"start":{"line":82,"column":6},"end":{"line":82,"column":58}},"39":{"start":{"line":84,"column":6},"end":{"line":84,"column":80}},"40":{"start":{"line":84,"column":71},"end":{"line":84,"column":78}},"41":{"start":{"line":86,"column":6},"end":{"line":89,"column":7}},"42":{"start":{"line":87,"column":8},"end":{"line":87,"column":41}},"43":{"start":{"line":88,"column":8},"end":{"line":88,"column":52}},"44":{"start":{"line":90,"column":6},"end":{"line":90,"column":50}},"45":{"start":{"line":92,"column":6},"end":{"line":92,"column":85}},"46":{"start":{"line":92,"column":44},"end":{"line":92,"column":85}},"47":{"start":{"line":93,"column":6},"end":{"line":93,"column":72}},"48":{"start":{"line":100,"column":6},"end":{"line":100,"column":62}},"49":{"start":{"line":102,"column":6},"end":{"line":102,"column":32}},"50":{"start":{"line":103,"column":6},"end":{"line":103,"column":48}},"51":{"start":{"line":103,"column":39},"end":{"line":103,"column":46}},"52":{"start":{"line":105,"column":6},"end":{"line":105,"column":38}},"53":{"start":{"line":106,"column":6},"end":{"line":106,"column":50}},"54":{"start":{"line":108,"column":6},"end":{"line":108,"column":78}},"55":{"start":{"line":108,"column":35},"end":{"line":108,"column":78}},"56":{"start":{"line":109,"column":6},"end":{"line":109,"column":60}},"57":{"start":{"line":114,"column":6},"end":{"line":115,"column":26}},"58":{"start":{"line":117,"column":6},"end":{"line":117,"column":32}},"59":{"start":{"line":118,"column":6},"end":{"line":118,"column":58}},"60":{"start":{"line":120,"column":6},"end":{"line":120,"column":30}},"61":{"start":{"line":121,"column":6},"end":{"line":125,"column":15}},"62":{"start":{"line":122,"column":8},"end":{"line":122,"column":30}},"63":{"start":{"line":123,"column":8},"end":{"line":123,"column":61}},"64":{"start":{"line":123,"column":38},"end":{"line":123,"column":61}},"65":{"start":{"line":124,"column":8},"end":{"line":124,"column":74}},"66":{"start":{"line":126,"column":6},"end":{"line":126,"column":50}},"67":{"start":{"line":128,"column":6},"end":{"line":128,"column":72}},"68":{"start":{"line":133,"column":6},"end":{"line":133,"column":23}},"69":{"start":{"line":135,"column":6},"end":{"line":135,"column":48}},"70":{"start":{"line":135,"column":39},"end":{"line":135,"column":46}},"71":{"start":{"line":136,"column":6},"end":{"line":136,"column":58}},"72":{"start":{"line":138,"column":6},"end":{"line":141,"column":15}},"73":{"start":{"line":139,"column":8},"end":{"line":139,"column":50}},"74":{"start":{"line":139,"column":28},"end":{"line":139,"column":50}},"75":{"start":{"line":140,"column":8},"end":{"line":140,"column":76}},"76":{"start":{"line":143,"column":6},"end":{"line":143,"column":30}},"77":{"start":{"line":144,"column":6},"end":{"line":144,"column":60}},"78":{"start":{"line":148,"column":6},"end":{"line":148,"column":32}},"79":{"start":{"line":155,"column":6},"end":{"line":159,"column":7}},"80":{"start":{"line":156,"column":8},"end":{"line":156,"column":34}},"81":{"start":{"line":158,"column":8},"end":{"line":158,"column":32}},"82":{"start":{"line":163,"column":6},"end":{"line":163,"column":43}},"83":{"start":{"line":164,"column":6},"end":{"line":164,"column":27}},"84":{"start":{"line":173,"column":2},"end":{"line":173,"column":29}},"85":{"start":{"line":175,"column":2},"end":{"line":237,"column":5}},"86":{"start":{"line":180,"column":6},"end":{"line":180,"column":37}},"87":{"start":{"line":182,"column":6},"end":{"line":182,"column":32}},"88":{"start":{"line":183,"column":6},"end":{"line":183,"column":58}},"89":{"start":{"line":185,"column":6},"end":{"line":185,"column":53}},"90":{"start":{"line":185,"column":44},"end":{"line":185,"column":51}},"91":{"start":{"line":187,"column":6},"end":{"line":187,"column":27}},"92":{"start":{"line":188,"column":6},"end":{"line":188,"column":44}},"93":{"start":{"line":190,"column":6},"end":{"line":197,"column":7}},"94":{"start":{"line":192,"column":8},"end":{"line":192,"column":68}},"95":{"start":{"line":193,"column":13},"end":{"line":197,"column":7}},"96":{"start":{"line":196,"column":8},"end":{"line":196,"column":119}},"97":{"start":{"line":196,"column":62},"end":{"line":196,"column":119}},"98":{"start":{"line":199,"column":6},"end":{"line":205,"column":7}},"99":{"start":{"line":200,"column":8},"end":{"line":204,"column":9}},"100":{"start":{"line":201,"column":10},"end":{"line":201,"column":104}},"101":{"start":{"line":201,"column":40},"end":{"line":201,"column":104}},"102":{"start":{"line":203,"column":10},"end":{"line":203,"column":72}},"103":{"start":{"line":211,"column":6},"end":{"line":211,"column":32}},"104":{"start":{"line":212,"column":6},"end":{"line":212,"column":37}},"105":{"start":{"line":212,"column":28},"end":{"line":212,"column":35}},"106":{"start":{"line":214,"column":6},"end":{"line":214,"column":28}},"107":{"start":{"line":216,"column":6},"end":{"line":223,"column":7}},"108":{"start":{"line":218,"column":8},"end":{"line":218,"column":70}},"109":{"start":{"line":219,"column":13},"end":{"line":223,"column":7}},"110":{"start":{"line":222,"column":8},"end":{"line":222,"column":67}},"111":{"start":{"line":225,"column":6},"end":{"line":225,"column":119}},"112":{"start":{"line":225,"column":55},"end":{"line":225,"column":119}},"113":{"start":{"line":231,"column":6},"end":{"line":235,"column":7}},"114":{"start":{"line":232,"column":8},"end":{"line":232,"column":31}},"115":{"start":{"line":234,"column":8},"end":{"line":234,"column":29}},"116":{"start":{"line":240,"column":2},"end":{"line":243,"column":4}},"117":{"start":{"line":241,"column":4},"end":{"line":241,"column":51}},"118":{"start":{"line":242,"column":4},"end":{"line":242,"column":45}},"119":{"start":{"line":245,"column":2},"end":{"line":276,"column":4}},"120":{"start":{"line":247,"column":4},"end":{"line":247,"column":52}},"121":{"start":{"line":249,"column":4},"end":{"line":249,"column":54}},"122":{"start":{"line":250,"column":4},"end":{"line":250,"column":45}},"123":{"start":{"line":252,"column":4},"end":{"line":274,"column":5}},"124":{"start":{"line":255,"column":6},"end":{"line":261,"column":9}},"125":{"start":{"line":256,"column":8},"end":{"line":256,"column":55}},"126":{"start":{"line":257,"column":8},"end":{"line":260,"column":9}},"127":{"start":{"line":258,"column":10},"end":{"line":258,"column":66}},"128":{"start":{"line":258,"column":35},"end":{"line":258,"column":66}},"129":{"start":{"line":259,"column":10},"end":{"line":259,"column":38}},"130":{"start":{"line":263,"column":6},"end":{"line":263,"column":70}},"131":{"start":{"line":264,"column":6},"end":{"line":264,"column":74}},"132":{"start":{"line":266,"column":6},"end":{"line":266,"column":68}},"133":{"start":{"line":267,"column":6},"end":{"line":267,"column":52}},"134":{"start":{"line":268,"column":6},"end":{"line":268,"column":58}},"135":{"start":{"line":272,"column":6},"end":{"line":272,"column":45}},"136":{"start":{"line":278,"column":2},"end":{"line":307,"column":4}},"137":{"start":{"line":280,"column":4},"end":{"line":280,"column":53}},"138":{"start":{"line":282,"column":4},"end":{"line":282,"column":53}},"139":{"start":{"line":283,"column":4},"end":{"line":283,"column":29}},"140":{"start":{"line":284,"column":4},"end":{"line":284,"column":45}},"141":{"start":{"line":286,"column":4},"end":{"line":305,"column":5}},"142":{"start":{"line":289,"column":6},"end":{"line":292,"column":9}},"143":{"start":{"line":290,"column":8},"end":{"line":290,"column":55}},"144":{"start":{"line":291,"column":8},"end":{"line":291,"column":67}},"145":{"start":{"line":291,"column":28},"end":{"line":291,"column":67}},"146":{"start":{"line":294,"column":6},"end":{"line":294,"column":70}},"147":{"start":{"line":295,"column":6},"end":{"line":295,"column":74}},"148":{"start":{"line":297,"column":6},"end":{"line":297,"column":67}},"149":{"start":{"line":298,"column":6},"end":{"line":298,"column":52}},"150":{"start":{"line":299,"column":6},"end":{"line":299,"column":58}},"151":{"start":{"line":303,"column":6},"end":{"line":303,"column":45}},"152":{"start":{"line":314,"column":2},"end":{"line":361,"column":4}},"153":{"start":{"line":315,"column":4},"end":{"line":322,"column":5}},"154":{"start":{"line":316,"column":6},"end":{"line":320,"column":7}},"155":{"start":{"line":319,"column":8},"end":{"line":319,"column":61}},"156":{"start":{"line":321,"column":6},"end":{"line":321,"column":33}},"157":{"start":{"line":324,"column":4},"end":{"line":324,"column":30}},"158":{"start":{"line":325,"column":4},"end":{"line":325,"column":57}},"159":{"start":{"line":325,"column":50},"end":{"line":325,"column":57}},"160":{"start":{"line":327,"column":4},"end":{"line":334,"column":13}},"161":{"start":{"line":336,"column":4},"end":{"line":338,"column":5}},"162":{"start":{"line":337,"column":6},"end":{"line":337,"column":96}},"163":{"start":{"line":340,"column":4},"end":{"line":340,"column":26}},"164":{"start":{"line":340,"column":19},"end":{"line":340,"column":26}},"165":{"start":{"line":342,"column":4},"end":{"line":345,"column":6}},"166":{"start":{"line":347,"column":4},"end":{"line":350,"column":5}},"167":{"start":{"line":348,"column":6},"end":{"line":348,"column":88}},"168":{"start":{"line":349,"column":6},"end":{"line":349,"column":13}},"169":{"start":{"line":352,"column":4},"end":{"line":355,"column":5}},"170":{"start":{"line":353,"column":6},"end":{"line":353,"column":89}},"171":{"start":{"line":354,"column":6},"end":{"line":354,"column":13}},"172":{"start":{"line":357,"column":4},"end":{"line":360,"column":5}},"173":{"start":{"line":358,"column":6},"end":{"line":358,"column":89}},"174":{"start":{"line":359,"column":6},"end":{"line":359,"column":13}},"175":{"start":{"line":363,"column":2},"end":{"line":366,"column":3}},"176":{"start":{"line":364,"column":4},"end":{"line":364,"column":51}},"177":{"start":{"line":365,"column":4},"end":{"line":365,"column":97}},"178":{"start":{"line":365,"column":24},"end":{"line":365,"column":97}},"179":{"start":{"line":368,"column":2},"end":{"line":370,"column":3}},"180":{"start":{"line":369,"column":4},"end":{"line":369,"column":87}},"181":{"start":{"line":372,"column":2},"end":{"line":381,"column":3}},"182":{"start":{"line":373,"column":4},"end":{"line":373,"column":116}},"183":{"start":{"line":373,"column":33},"end":{"line":373,"column":116}},"184":{"start":{"line":374,"column":4},"end":{"line":380,"column":5}},"185":{"start":{"line":375,"column":6},"end":{"line":379,"column":7}},"186":{"start":{"line":376,"column":8},"end":{"line":376,"column":44}},"187":{"start":{"line":378,"column":8},"end":{"line":378,"column":82}},"188":{"start":{"line":383,"column":2},"end":{"line":394,"column":3}},"189":{"start":{"line":384,"column":4},"end":{"line":386,"column":103}},"190":{"start":{"line":386,"column":77},"end":{"line":386,"column":99}},"191":{"start":{"line":388,"column":4},"end":{"line":388,"column":93}},"192":{"start":{"line":388,"column":26},"end":{"line":388,"column":93}},"193":{"start":{"line":390,"column":4},"end":{"line":390,"column":78}},"194":{"start":{"line":390,"column":52},"end":{"line":390,"column":74}},"195":{"start":{"line":391,"column":4},"end":{"line":391,"column":46}},"196":{"start":{"line":392,"column":4},"end":{"line":392,"column":104}},"197":{"start":{"line":392,"column":36},"end":{"line":392,"column":104}},"198":{"start":{"line":392,"column":83},"end":{"line":392,"column":100}},"199":{"start":{"line":393,"column":4},"end":{"line":393,"column":77}},"200":{"start":{"line":393,"column":25},"end":{"line":393,"column":77}},"201":{"start":{"line":396,"column":2},"end":{"line":404,"column":3}},"202":{"start":{"line":397,"column":4},"end":{"line":398,"column":97}},"203":{"start":{"line":398,"column":71},"end":{"line":398,"column":93}},"204":{"start":{"line":400,"column":4},"end":{"line":400,"column":114}},"205":{"start":{"line":400,"column":18},"end":{"line":400,"column":114}},"206":{"start":{"line":400,"column":54},"end":{"line":400,"column":110}},"207":{"start":{"line":402,"column":4},"end":{"line":402,"column":76}},"208":{"start":{"line":402,"column":50},"end":{"line":402,"column":72}},"209":{"start":{"line":403,"column":4},"end":{"line":403,"column":102}},"210":{"start":{"line":403,"column":23},"end":{"line":403,"column":102}},"211":{"start":{"line":403,"column":57},"end":{"line":403,"column":98}},"212":{"start":{"line":406,"column":2},"end":{"line":409,"column":3}},"213":{"start":{"line":407,"column":4},"end":{"line":407,"column":62}},"214":{"start":{"line":408,"column":4},"end":{"line":408,"column":55}},"215":{"start":{"line":411,"column":2},"end":{"line":415,"column":3}},"216":{"start":{"line":412,"column":4},"end":{"line":414,"column":7}},"217":{"start":{"line":413,"column":6},"end":{"line":413,"column":62}},"218":{"start":{"line":417,"column":2},"end":{"line":419,"column":3}},"219":{"start":{"line":418,"column":4},"end":{"line":418,"column":63}},"220":{"start":{"line":421,"column":2},"end":{"line":423,"column":3}},"221":{"start":{"line":422,"column":4},"end":{"line":422,"column":98}},"222":{"start":{"line":425,"column":2},"end":{"line":434,"column":3}},"223":{"start":{"line":426,"column":4},"end":{"line":428,"column":5}},"224":{"start":{"line":427,"column":6},"end":{"line":427,"column":31}},"225":{"start":{"line":430,"column":4},"end":{"line":430,"column":25}},"226":{"start":{"line":431,"column":4},"end":{"line":431,"column":35}},"227":{"start":{"line":433,"column":4},"end":{"line":433,"column":23}},"228":{"start":{"line":440,"column":2},"end":{"line":487,"column":3}},"229":{"start":{"line":445,"column":4},"end":{"line":447,"column":5}},"230":{"start":{"line":446,"column":6},"end":{"line":446,"column":37}},"231":{"start":{"line":453,"column":4},"end":{"line":461,"column":5}},"232":{"start":{"line":454,"column":6},"end":{"line":458,"column":7}},"233":{"start":{"line":455,"column":8},"end":{"line":455,"column":43}},"234":{"start":{"line":456,"column":13},"end":{"line":458,"column":7}},"235":{"start":{"line":457,"column":8},"end":{"line":457,"column":43}},"236":{"start":{"line":460,"column":6},"end":{"line":460,"column":23}},"237":{"start":{"line":463,"column":4},"end":{"line":466,"column":33}},"238":{"start":{"line":470,"column":4},"end":{"line":486,"column":6}},"239":{"start":{"line":472,"column":6},"end":{"line":474,"column":36}},"240":{"start":{"line":477,"column":6},"end":{"line":480,"column":7}},"241":{"start":{"line":479,"column":8},"end":{"line":479,"column":46}},"242":{"start":{"line":483,"column":6},"end":{"line":483,"column":41}},"243":{"start":{"line":484,"column":6},"end":{"line":484,"column":18}},"244":{"start":{"line":489,"column":2},"end":{"line":489,"column":16}}},"branchMap":{"1":{"line":18,"type":"cond-expr","locations":[{"start":{"line":18,"column":58},"end":{"line":18,"column":63}},{"start":{"line":18,"column":66},"end":{"line":18,"column":75}}]},"2":{"line":18,"type":"binary-expr","locations":[{"start":{"line":18,"column":23},"end":{"line":18,"column":28}},{"start":{"line":18,"column":32},"end":{"line":18,"column":55}}]},"3":{"line":20,"type":"binary-expr","locations":[{"start":{"line":20,"column":6},"end":{"line":20,"column":13}},{"start":{"line":20,"column":18},"end":{"line":20,"column":30}}]},"4":{"line":21,"type":"binary-expr","locations":[{"start":{"line":21,"column":6},"end":{"line":21,"column":26}},{"start":{"line":21,"column":31},"end":{"line":21,"column":56}}]},"5":{"line":22,"type":"if","locations":[{"start":{"line":22,"column":6},"end":{"line":22,"column":6}},{"start":{"line":22,"column":6},"end":{"line":22,"column":6}}]},"6":{"line":24,"type":"if","locations":[{"start":{"line":24,"column":6},"end":{"line":24,"column":6}},{"start":{"line":24,"column":6},"end":{"line":24,"column":6}}]},"7":{"line":30,"type":"if","locations":[{"start":{"line":30,"column":6},"end":{"line":30,"column":6}},{"start":{"line":30,"column":6},"end":{"line":30,"column":6}}]},"8":{"line":32,"type":"if","locations":[{"start":{"line":32,"column":6},"end":{"line":32,"column":6}},{"start":{"line":32,"column":6},"end":{"line":32,"column":6}}]},"9":{"line":32,"type":"binary-expr","locations":[{"start":{"line":32,"column":12},"end":{"line":32,"column":26}},{"start":{"line":32,"column":30},"end":{"line":32,"column":52}}]},"10":{"line":34,"type":"if","locations":[{"start":{"line":34,"column":8},"end":{"line":34,"column":8}},{"start":{"line":34,"column":8},"end":{"line":34,"column":8}}]},"11":{"line":35,"type":"if","locations":[{"start":{"line":35,"column":10},"end":{"line":35,"column":10}},{"start":{"line":35,"column":10},"end":{"line":35,"column":10}}]},"12":{"line":46,"type":"binary-expr","locations":[{"start":{"line":46,"column":6},"end":{"line":46,"column":13}},{"start":{"line":46,"column":18},"end":{"line":46,"column":30}}]},"13":{"line":47,"type":"if","locations":[{"start":{"line":47,"column":6},"end":{"line":47,"column":6}},{"start":{"line":47,"column":6},"end":{"line":47,"column":6}}]},"14":{"line":49,"type":"binary-expr","locations":[{"start":{"line":49,"column":14},"end":{"line":49,"column":19}},{"start":{"line":49,"column":23},"end":{"line":49,"column":36}}]},"15":{"line":50,"type":"if","locations":[{"start":{"line":50,"column":6},"end":{"line":50,"column":6}},{"start":{"line":50,"column":6},"end":{"line":50,"column":6}}]},"16":{"line":53,"type":"if","locations":[{"start":{"line":53,"column":6},"end":{"line":53,"column":6}},{"start":{"line":53,"column":6},"end":{"line":53,"column":6}}]},"17":{"line":54,"type":"if","locations":[{"start":{"line":54,"column":6},"end":{"line":54,"column":6}},{"start":{"line":54,"column":6},"end":{"line":54,"column":6}}]},"18":{"line":54,"type":"binary-expr","locations":[{"start":{"line":54,"column":12},"end":{"line":54,"column":26}},{"start":{"line":54,"column":30},"end":{"line":54,"column":52}}]},"19":{"line":79,"type":"cond-expr","locations":[{"start":{"line":79,"column":50},"end":{"line":79,"column":59}},{"start":{"line":79,"column":62},"end":{"line":79,"column":64}}]},"20":{"line":81,"type":"binary-expr","locations":[{"start":{"line":81,"column":6},"end":{"line":81,"column":13}},{"start":{"line":81,"column":18},"end":{"line":81,"column":30}}]},"21":{"line":82,"type":"binary-expr","locations":[{"start":{"line":82,"column":6},"end":{"line":82,"column":26}},{"start":{"line":82,"column":31},"end":{"line":82,"column":56}}]},"22":{"line":84,"type":"if","locations":[{"start":{"line":84,"column":6},"end":{"line":84,"column":6}},{"start":{"line":84,"column":6},"end":{"line":84,"column":6}}]},"23":{"line":84,"type":"binary-expr","locations":[{"start":{"line":84,"column":10},"end":{"line":84,"column":27}},{"start":{"line":84,"column":31},"end":{"line":84,"column":67}}]},"24":{"line":86,"type":"if","locations":[{"start":{"line":86,"column":6},"end":{"line":86,"column":6}},{"start":{"line":86,"column":6},"end":{"line":86,"column":6}}]},"25":{"line":92,"type":"if","locations":[{"start":{"line":92,"column":6},"end":{"line":92,"column":6}},{"start":{"line":92,"column":6},"end":{"line":92,"column":6}}]},"26":{"line":102,"type":"binary-expr","locations":[{"start":{"line":102,"column":6},"end":{"line":102,"column":13}},{"start":{"line":102,"column":18},"end":{"line":102,"column":30}}]},"27":{"line":103,"type":"if","locations":[{"start":{"line":103,"column":6},"end":{"line":103,"column":6}},{"start":{"line":103,"column":6},"end":{"line":103,"column":6}}]},"28":{"line":108,"type":"if","locations":[{"start":{"line":108,"column":6},"end":{"line":108,"column":6}},{"start":{"line":108,"column":6},"end":{"line":108,"column":6}}]},"29":{"line":117,"type":"binary-expr","locations":[{"start":{"line":117,"column":6},"end":{"line":117,"column":13}},{"start":{"line":117,"column":18},"end":{"line":117,"column":30}}]},"30":{"line":118,"type":"binary-expr","locations":[{"start":{"line":118,"column":6},"end":{"line":118,"column":26}},{"start":{"line":118,"column":31},"end":{"line":118,"column":56}}]},"31":{"line":123,"type":"if","locations":[{"start":{"line":123,"column":8},"end":{"line":123,"column":8}},{"start":{"line":123,"column":8},"end":{"line":123,"column":8}}]},"32":{"line":135,"type":"if","locations":[{"start":{"line":135,"column":6},"end":{"line":135,"column":6}},{"start":{"line":135,"column":6},"end":{"line":135,"column":6}}]},"33":{"line":139,"type":"if","locations":[{"start":{"line":139,"column":8},"end":{"line":139,"column":8}},{"start":{"line":139,"column":8},"end":{"line":139,"column":8}}]},"34":{"line":155,"type":"if","locations":[{"start":{"line":155,"column":6},"end":{"line":155,"column":6}},{"start":{"line":155,"column":6},"end":{"line":155,"column":6}}]},"35":{"line":182,"type":"binary-expr","locations":[{"start":{"line":182,"column":6},"end":{"line":182,"column":13}},{"start":{"line":182,"column":18},"end":{"line":182,"column":30}}]},"36":{"line":183,"type":"binary-expr","locations":[{"start":{"line":183,"column":6},"end":{"line":183,"column":26}},{"start":{"line":183,"column":31},"end":{"line":183,"column":56}}]},"37":{"line":185,"type":"if","locations":[{"start":{"line":185,"column":6},"end":{"line":185,"column":6}},{"start":{"line":185,"column":6},"end":{"line":185,"column":6}}]},"38":{"line":190,"type":"if","locations":[{"start":{"line":190,"column":6},"end":{"line":190,"column":6}},{"start":{"line":190,"column":6},"end":{"line":190,"column":6}}]},"39":{"line":193,"type":"if","locations":[{"start":{"line":193,"column":13},"end":{"line":193,"column":13}},{"start":{"line":193,"column":13},"end":{"line":193,"column":13}}]},"40":{"line":196,"type":"if","locations":[{"start":{"line":196,"column":8},"end":{"line":196,"column":8}},{"start":{"line":196,"column":8},"end":{"line":196,"column":8}}]},"41":{"line":199,"type":"if","locations":[{"start":{"line":199,"column":6},"end":{"line":199,"column":6}},{"start":{"line":199,"column":6},"end":{"line":199,"column":6}}]},"42":{"line":199,"type":"binary-expr","locations":[{"start":{"line":199,"column":12},"end":{"line":199,"column":26}},{"start":{"line":199,"column":30},"end":{"line":199,"column":52}}]},"43":{"line":200,"type":"if","locations":[{"start":{"line":200,"column":8},"end":{"line":200,"column":8}},{"start":{"line":200,"column":8},"end":{"line":200,"column":8}}]},"44":{"line":201,"type":"if","locations":[{"start":{"line":201,"column":10},"end":{"line":201,"column":10}},{"start":{"line":201,"column":10},"end":{"line":201,"column":10}}]},"45":{"line":211,"type":"binary-expr","locations":[{"start":{"line":211,"column":6},"end":{"line":211,"column":13}},{"start":{"line":211,"column":18},"end":{"line":211,"column":30}}]},"46":{"line":212,"type":"if","locations":[{"start":{"line":212,"column":6},"end":{"line":212,"column":6}},{"start":{"line":212,"column":6},"end":{"line":212,"column":6}}]},"47":{"line":216,"type":"if","locations":[{"start":{"line":216,"column":6},"end":{"line":216,"column":6}},{"start":{"line":216,"column":6},"end":{"line":216,"column":6}}]},"48":{"line":219,"type":"if","locations":[{"start":{"line":219,"column":13},"end":{"line":219,"column":13}},{"start":{"line":219,"column":13},"end":{"line":219,"column":13}}]},"49":{"line":225,"type":"if","locations":[{"start":{"line":225,"column":6},"end":{"line":225,"column":6}},{"start":{"line":225,"column":6},"end":{"line":225,"column":6}}]},"50":{"line":225,"type":"binary-expr","locations":[{"start":{"line":225,"column":12},"end":{"line":225,"column":26}},{"start":{"line":225,"column":30},"end":{"line":225,"column":52}}]},"51":{"line":231,"type":"if","locations":[{"start":{"line":231,"column":6},"end":{"line":231,"column":6}},{"start":{"line":231,"column":6},"end":{"line":231,"column":6}}]},"52":{"line":252,"type":"if","locations":[{"start":{"line":252,"column":4},"end":{"line":252,"column":4}},{"start":{"line":252,"column":4},"end":{"line":252,"column":4}}]},"53":{"line":252,"type":"binary-expr","locations":[{"start":{"line":252,"column":8},"end":{"line":252,"column":15}},{"start":{"line":252,"column":19},"end":{"line":252,"column":45}}]},"54":{"line":255,"type":"binary-expr","locations":[{"start":{"line":255,"column":13},"end":{"line":255,"column":19}},{"start":{"line":255,"column":23},"end":{"line":255,"column":25}}]},"55":{"line":257,"type":"if","locations":[{"start":{"line":257,"column":8},"end":{"line":257,"column":8}},{"start":{"line":257,"column":8},"end":{"line":257,"column":8}}]},"56":{"line":258,"type":"if","locations":[{"start":{"line":258,"column":10},"end":{"line":258,"column":10}},{"start":{"line":258,"column":10},"end":{"line":258,"column":10}}]},"57":{"line":286,"type":"if","locations":[{"start":{"line":286,"column":4},"end":{"line":286,"column":4}},{"start":{"line":286,"column":4},"end":{"line":286,"column":4}}]},"58":{"line":286,"type":"binary-expr","locations":[{"start":{"line":286,"column":8},"end":{"line":286,"column":15}},{"start":{"line":286,"column":19},"end":{"line":286,"column":45}}]},"59":{"line":289,"type":"binary-expr","locations":[{"start":{"line":289,"column":13},"end":{"line":289,"column":19}},{"start":{"line":289,"column":23},"end":{"line":289,"column":25}}]},"60":{"line":291,"type":"if","locations":[{"start":{"line":291,"column":8},"end":{"line":291,"column":8}},{"start":{"line":291,"column":8},"end":{"line":291,"column":8}}]},"61":{"line":319,"type":"binary-expr","locations":[{"start":{"line":319,"column":15},"end":{"line":319,"column":34}},{"start":{"line":319,"column":38},"end":{"line":319,"column":60}}]},"62":{"line":324,"type":"binary-expr","locations":[{"start":{"line":324,"column":4},"end":{"line":324,"column":11}},{"start":{"line":324,"column":16},"end":{"line":324,"column":28}}]},"63":{"line":325,"type":"if","locations":[{"start":{"line":325,"column":4},"end":{"line":325,"column":4}},{"start":{"line":325,"column":4},"end":{"line":325,"column":4}}]},"64":{"line":325,"type":"binary-expr","locations":[{"start":{"line":325,"column":8},"end":{"line":325,"column":22}},{"start":{"line":325,"column":26},"end":{"line":325,"column":48}}]},"65":{"line":333,"type":"binary-expr","locations":[{"start":{"line":333,"column":21},"end":{"line":333,"column":63}},{"start":{"line":333,"column":67},"end":{"line":333,"column":89}},{"start":{"line":333,"column":93},"end":{"line":333,"column":117}}]},"66":{"line":336,"type":"if","locations":[{"start":{"line":336,"column":4},"end":{"line":336,"column":4}},{"start":{"line":336,"column":4},"end":{"line":336,"column":4}}]},"67":{"line":336,"type":"binary-expr","locations":[{"start":{"line":336,"column":8},"end":{"line":336,"column":18}},{"start":{"line":336,"column":22},"end":{"line":336,"column":39}},{"start":{"line":336,"column":43},"end":{"line":336,"column":67}}]},"68":{"line":340,"type":"if","locations":[{"start":{"line":340,"column":4},"end":{"line":340,"column":4}},{"start":{"line":340,"column":4},"end":{"line":340,"column":4}}]},"69":{"line":347,"type":"if","locations":[{"start":{"line":347,"column":4},"end":{"line":347,"column":4}},{"start":{"line":347,"column":4},"end":{"line":347,"column":4}}]},"70":{"line":352,"type":"if","locations":[{"start":{"line":352,"column":4},"end":{"line":352,"column":4}},{"start":{"line":352,"column":4},"end":{"line":352,"column":4}}]},"71":{"line":357,"type":"if","locations":[{"start":{"line":357,"column":4},"end":{"line":357,"column":4}},{"start":{"line":357,"column":4},"end":{"line":357,"column":4}}]},"72":{"line":357,"type":"binary-expr","locations":[{"start":{"line":357,"column":8},"end":{"line":357,"column":26}},{"start":{"line":357,"column":30},"end":{"line":357,"column":53}}]},"73":{"line":365,"type":"if","locations":[{"start":{"line":365,"column":4},"end":{"line":365,"column":4}},{"start":{"line":365,"column":4},"end":{"line":365,"column":4}}]},"74":{"line":373,"type":"if","locations":[{"start":{"line":373,"column":4},"end":{"line":373,"column":4}},{"start":{"line":373,"column":4},"end":{"line":373,"column":4}}]},"75":{"line":374,"type":"if","locations":[{"start":{"line":374,"column":4},"end":{"line":374,"column":4}},{"start":{"line":374,"column":4},"end":{"line":374,"column":4}}]},"76":{"line":375,"type":"if","locations":[{"start":{"line":375,"column":6},"end":{"line":375,"column":6}},{"start":{"line":375,"column":6},"end":{"line":375,"column":6}}]},"77":{"line":375,"type":"binary-expr","locations":[{"start":{"line":375,"column":10},"end":{"line":375,"column":33}},{"start":{"line":375,"column":37},"end":{"line":375,"column":73}}]},"78":{"line":388,"type":"if","locations":[{"start":{"line":388,"column":4},"end":{"line":388,"column":4}},{"start":{"line":388,"column":4},"end":{"line":388,"column":4}}]},"79":{"line":392,"type":"if","locations":[{"start":{"line":392,"column":4},"end":{"line":392,"column":4}},{"start":{"line":392,"column":4},"end":{"line":392,"column":4}}]},"80":{"line":393,"type":"if","locations":[{"start":{"line":393,"column":4},"end":{"line":393,"column":4}},{"start":{"line":393,"column":4},"end":{"line":393,"column":4}}]},"81":{"line":400,"type":"if","locations":[{"start":{"line":400,"column":4},"end":{"line":400,"column":4}},{"start":{"line":400,"column":4},"end":{"line":400,"column":4}}]},"82":{"line":403,"type":"if","locations":[{"start":{"line":403,"column":4},"end":{"line":403,"column":4}},{"start":{"line":403,"column":4},"end":{"line":403,"column":4}}]},"83":{"line":407,"type":"binary-expr","locations":[{"start":{"line":407,"column":4},"end":{"line":407,"column":27}},{"start":{"line":407,"column":32},"end":{"line":407,"column":60}}]},"84":{"line":454,"type":"if","locations":[{"start":{"line":454,"column":6},"end":{"line":454,"column":6}},{"start":{"line":454,"column":6},"end":{"line":454,"column":6}}]},"85":{"line":456,"type":"if","locations":[{"start":{"line":456,"column":13},"end":{"line":456,"column":13}},{"start":{"line":456,"column":13},"end":{"line":456,"column":13}}]},"86":{"line":456,"type":"binary-expr","locations":[{"start":{"line":456,"column":17},"end":{"line":456,"column":47}},{"start":{"line":456,"column":51},"end":{"line":456,"column":81}}]},"87":{"line":477,"type":"if","locations":[{"start":{"line":477,"column":6},"end":{"line":477,"column":6}},{"start":{"line":477,"column":6},"end":{"line":477,"column":6}}]}}}}